\BOOKMARK [1][-]{section.1}{\376\377\000I\000n\000t\000r\000o\000d\000u\000c\000t\000i\000o\000n}{}% 1
\BOOKMARK [2][-]{subsection.1.1}{\376\377\000P\000r\000o\000j\000e\000c\000t\000\040\000O\000v\000e\000r\000v\000i\000e\000w}{section.1}% 2
\BOOKMARK [2][-]{subsection.1.2}{\376\377\000P\000r\000o\000j\000e\000c\000t\000\040\000S\000c\000o\000p\000e}{section.1}% 3
\BOOKMARK [1][-]{section.2}{\376\377\000R\000e\000s\000e\000a\000r\000c\000h\000\040\000a\000n\000d\000\040\000P\000l\000a\000n\000n\000i\000n\000g}{}% 4
\BOOKMARK [2][-]{subsection.2.1}{\376\377\000U\000n\000d\000e\000r\000s\000t\000a\000n\000d\000i\000n\000g\000\040\000O\000p\000e\000n\000\040\000e\000C\000l\000a\000s\000s\000\040\000A\000r\000c\000h\000i\000t\000e\000c\000t\000u\000r\000e}{section.2}% 5
\BOOKMARK [2][-]{subsection.2.2}{\376\377\000A\000I\000-\000A\000s\000s\000i\000s\000t\000e\000d\000\040\000R\000e\000s\000e\000a\000r\000c\000h\000\040\000A\000p\000p\000r\000o\000a\000c\000h}{section.2}% 6
\BOOKMARK [2][-]{subsection.2.3}{\376\377\000I\000n\000s\000i\000g\000h\000t\000s\000\040\000f\000r\000o\000m\000\040\000C\000o\000d\000e\000b\000a\000s\000e\000\040\000A\000n\000a\000l\000y\000s\000i\000s\000\040\000a\000n\000d\000\040\000U\000o\000A\000\040\000l\000i\000n\000k\000\040\000r\000o\000u\000t\000e\000s}{section.2}% 7
\BOOKMARK [2][-]{subsection.2.4}{\376\377\000P\000l\000a\000n\000n\000i\000n\000g\000\040\000t\000h\000e\000\040\000I\000m\000p\000l\000e\000m\000e\000n\000t\000a\000t\000i\000o\000n\000\040\000f\000o\000r\000\040\000t\000h\000e\000\040\000L\000o\000g\000i\000n\000\040\000/\000\040\000A\000u\000t\000h\000e\000n\000t\000i\000c\000a\000t\000i\000o\000n\000\040\000P\000r\000o\000c\000e\000s\000s}{section.2}% 8
\BOOKMARK [1][-]{section.3}{\376\377\000I\000m\000p\000l\000e\000m\000e\000n\000t\000a\000t\000i\000o\000n}{}% 9
\BOOKMARK [2][-]{subsection.3.1}{\376\377\000D\000e\000v\000e\000l\000o\000p\000m\000e\000n\000t\000\040\000A\000p\000p\000r\000o\000a\000c\000h}{section.3}% 10
\BOOKMARK [2][-]{subsection.3.2}{\376\377\000L\000o\000g\000i\000n\000\040\000/\000\040\000A\000u\000t\000h\000e\000n\000t\000i\000c\000a\000t\000i\000o\000n\000\040\000P\000r\000o\000c\000e\000s\000s}{section.3}% 11
\BOOKMARK [3][-]{subsubsection.3.2.1}{\376\377\000H\000u\000m\000a\000n\000-\000L\000e\000d\000\040\000C\000o\000r\000r\000e\000c\000t\000i\000o\000n\000s\000\040\000f\000o\000r\000\040\000t\000h\000e\000\040\000L\000o\000g\000i\000n\000\040\000/\000\040\000A\000u\000t\000h\000e\000n\000t\000i\000c\000a\000t\000i\000o\000n\000\040\000P\000r\000o\000c\000e\000s\000s}{subsection.3.2}% 12
\BOOKMARK [2][-]{subsection.3.3}{\376\377\000C\000o\000u\000r\000s\000e\000\040\000I\000n\000f\000o\000r\000m\000a\000t\000i\000o\000n\000\040\000R\000e\000t\000r\000i\000e\000v\000a\000l}{section.3}% 13
\BOOKMARK [3][-]{subsubsection.3.3.1}{\376\377\000H\000u\000m\000a\000n\000-\000L\000e\000d\000\040\000C\000o\000r\000r\000e\000c\000t\000i\000o\000n\000s\000\040\000f\000o\000r\000\040\000t\000h\000e\000\040\000C\000o\000u\000r\000s\000e\000\040\000I\000n\000f\000o\000r\000m\000a\000t\000i\000o\000n\000\040\000R\000e\000t\000r\000i\000e\000v\000a\000l}{subsection.3.3}% 14
\BOOKMARK [2][-]{subsection.3.4}{\376\377\000A\000s\000s\000i\000g\000n\000m\000e\000n\000t\000\040\000R\000e\000t\000r\000i\000e\000v\000a\000l}{section.3}% 15
\BOOKMARK [3][-]{subsubsection.3.4.1}{\376\377\000H\000u\000m\000a\000n\000-\000L\000e\000d\000\040\000C\000o\000r\000r\000e\000c\000t\000i\000o\000n\000s\000\040\000f\000o\000r\000\040\000t\000h\000e\000\040\000A\000s\000s\000i\000g\000n\000m\000e\000n\000t\000\040\000R\000e\000t\000r\000i\000e\000v\000a\000l}{subsection.3.4}% 16
\BOOKMARK [2][-]{subsection.3.5}{\376\377\000A\000n\000n\000o\000u\000n\000c\000e\000m\000e\000n\000t\000\040\000M\000o\000n\000i\000t\000o\000r\000i\000n\000g}{section.3}% 17
\BOOKMARK [3][-]{subsubsection.3.5.1}{\376\377\000H\000u\000m\000a\000n\000-\000L\000e\000d\000\040\000C\000o\000r\000r\000e\000c\000t\000i\000o\000n\000s\000\040\000f\000o\000r\000\040\000t\000h\000e\000\040\000A\000n\000n\000o\000u\000n\000c\000e\000m\000e\000n\000t\000\040\000M\000o\000n\000i\000t\000o\000r\000i\000n\000g}{subsection.3.5}% 18
\BOOKMARK [2][-]{subsection.3.6}{\376\377\000M\000C\000P\000\040\000I\000n\000t\000e\000g\000r\000a\000t\000i\000o\000n}{section.3}% 19
\BOOKMARK [3][-]{subsubsection.3.6.1}{\376\377\000H\000u\000m\000a\000n\000-\000L\000e\000d\000\040\000C\000o\000r\000r\000e\000c\000t\000i\000o\000n\000s\000\040\000f\000o\000r\000\040\000t\000h\000e\000\040\000M\000C\000P\000\040\000I\000n\000t\000e\000g\000r\000a\000t\000i\000o\000n}{subsection.3.6}% 20
\BOOKMARK [1][-]{section.4}{\376\377\000C\000u\000r\000r\000e\000n\000t\000\040\000S\000e\000r\000v\000e\000r\000\040\000T\000o\000o\000l\000s}{}% 21
\BOOKMARK [1][-]{section.5}{\376\377\000C\000o\000n\000c\000l\000u\000s\000i\000o\000n}{}% 22
